  Source.cpp
C:\Users\79231\OneDrive\Рабочий стол\курсовая_3семестр\PacMan\Source.cpp(175,70): warning C4244: аргумент: преобразование "int" в "float", возможна потеря данных
C:\Users\79231\OneDrive\Рабочий стол\курсовая_3семестр\PacMan\Source.cpp(175,38): warning C4244: аргумент: преобразование "int" в "float", возможна потеря данных
C:\Users\79231\OneDrive\Рабочий стол\курсовая_3семестр\PacMan\Source.cpp(342,64): warning C4244: аргумент: преобразование "int" в "float", возможна потеря данных
C:\Users\79231\OneDrive\Рабочий стол\курсовая_3семестр\PacMan\Source.cpp(342,35): warning C4244: аргумент: преобразование "int" в "float", возможна потеря данных
C:\Users\79231\OneDrive\Рабочий стол\курсовая_3семестр\PacMan\Source.cpp(348,64): warning C4244: аргумент: преобразование "int" в "float", возможна потеря данных
C:\Users\79231\OneDrive\Рабочий стол\курсовая_3семестр\PacMan\Source.cpp(348,35): warning C4244: аргумент: преобразование "int" в "float", возможна потеря данных
C:\Users\79231\OneDrive\Рабочий стол\курсовая_3семестр\PacMan\Source.cpp(357,80): warning C4244: аргумент: преобразование "int" в "T", возможна потеря данных
C:\Users\79231\OneDrive\Рабочий стол\курсовая_3семестр\PacMan\Source.cpp(357,80): warning C4244:         with
C:\Users\79231\OneDrive\Рабочий стол\курсовая_3семестр\PacMan\Source.cpp(357,80): warning C4244:         [
C:\Users\79231\OneDrive\Рабочий стол\курсовая_3семестр\PacMan\Source.cpp(357,80): warning C4244:             T=float
C:\Users\79231\OneDrive\Рабочий стол\курсовая_3семестр\PacMan\Source.cpp(357,80): warning C4244:         ]
C:\Users\79231\OneDrive\Рабочий стол\курсовая_3семестр\PacMan\Source.cpp(357,56): warning C4244: аргумент: преобразование "int" в "T", возможна потеря данных
C:\Users\79231\OneDrive\Рабочий стол\курсовая_3семестр\PacMan\Source.cpp(357,56): warning C4244:         with
C:\Users\79231\OneDrive\Рабочий стол\курсовая_3семестр\PacMan\Source.cpp(357,56): warning C4244:         [
C:\Users\79231\OneDrive\Рабочий стол\курсовая_3семестр\PacMan\Source.cpp(357,56): warning C4244:             T=float
C:\Users\79231\OneDrive\Рабочий стол\курсовая_3семестр\PacMan\Source.cpp(357,56): warning C4244:         ]
C:\Users\79231\OneDrive\Рабочий стол\курсовая_3семестр\PacMan\Source.cpp(359,89): warning C4244: аргумент: преобразование "int" в "T", возможна потеря данных
C:\Users\79231\OneDrive\Рабочий стол\курсовая_3семестр\PacMan\Source.cpp(359,89): warning C4244:         with
C:\Users\79231\OneDrive\Рабочий стол\курсовая_3семестр\PacMan\Source.cpp(359,89): warning C4244:         [
C:\Users\79231\OneDrive\Рабочий стол\курсовая_3семестр\PacMan\Source.cpp(359,89): warning C4244:             T=float
C:\Users\79231\OneDrive\Рабочий стол\курсовая_3семестр\PacMan\Source.cpp(359,89): warning C4244:         ]
C:\Users\79231\OneDrive\Рабочий стол\курсовая_3семестр\PacMan\Source.cpp(359,61): warning C4244: аргумент: преобразование "int" в "T", возможна потеря данных
C:\Users\79231\OneDrive\Рабочий стол\курсовая_3семестр\PacMan\Source.cpp(359,61): warning C4244:         with
C:\Users\79231\OneDrive\Рабочий стол\курсовая_3семестр\PacMan\Source.cpp(359,61): warning C4244:         [
C:\Users\79231\OneDrive\Рабочий стол\курсовая_3семестр\PacMan\Source.cpp(359,61): warning C4244:             T=float
C:\Users\79231\OneDrive\Рабочий стол\курсовая_3семестр\PacMan\Source.cpp(359,61): warning C4244:         ]
C:\Users\79231\OneDrive\Рабочий стол\курсовая_3семестр\PacMan\Source.cpp(361,54): warning C4244: аргумент: преобразование "int" в "float", возможна потеря данных
C:\Users\79231\OneDrive\Рабочий стол\курсовая_3семестр\PacMan\Source.cpp(363,50): warning C4244: аргумент: преобразование "int" в "float", возможна потеря данных
C:\Users\79231\OneDrive\Рабочий стол\курсовая_3семестр\PacMan\Source.cpp(370,66): warning C4244: аргумент: преобразование "int" в "float", возможна потеря данных
C:\Users\79231\OneDrive\Рабочий стол\курсовая_3семестр\PacMan\Source.cpp(370,38): warning C4244: аргумент: преобразование "int" в "float", возможна потеря данных
C:\Users\79231\OneDrive\Рабочий стол\курсовая_3семестр\PacMan\Source.cpp(379,67): warning C4244: аргумент: преобразование "int" в "float", возможна потеря данных
C:\Users\79231\OneDrive\Рабочий стол\курсовая_3семестр\PacMan\Source.cpp(379,39): warning C4244: аргумент: преобразование "int" в "float", возможна потеря данных
C:\Users\79231\OneDrive\Рабочий стол\курсовая_3семестр\PacMan\Source.cpp(389,68): warning C4244: аргумент: преобразование "double" в "float", возможна потеря данных
C:\Users\79231\OneDrive\Рабочий стол\курсовая_3семестр\PacMan\Source.cpp(452,16): warning C4244: return: преобразование "double" в "float", возможна потеря данных
C:\Users\79231\OneDrive\Рабочий стол\курсовая_3семестр\PacMan\Source.cpp(944,61): warning C4244: аргумент: преобразование "int" в "float", возможна потеря данных
C:\Users\79231\OneDrive\Рабочий стол\курсовая_3семестр\PacMan\Source.cpp(944,33): warning C4244: аргумент: преобразование "int" в "float", возможна потеря данных
C:\Users\79231\OneDrive\Рабочий стол\курсовая_3семестр\PacMan\Source.cpp(950,62): warning C4244: аргумент: преобразование "int" в "float", возможна потеря данных
C:\Users\79231\OneDrive\Рабочий стол\курсовая_3семестр\PacMan\Source.cpp(950,34): warning C4244: аргумент: преобразование "int" в "float", возможна потеря данных
C:\Users\79231\OneDrive\Рабочий стол\курсовая_3семестр\PacMan\Source.cpp(956,62): warning C4244: аргумент: преобразование "int" в "float", возможна потеря данных
C:\Users\79231\OneDrive\Рабочий стол\курсовая_3семестр\PacMan\Source.cpp(956,34): warning C4244: аргумент: преобразование "int" в "float", возможна потеря данных
C:\Users\79231\OneDrive\Рабочий стол\курсовая_3семестр\PacMan\Source.cpp(999,68): warning C4244: аргумент: преобразование "int" в "float", возможна потеря данных
C:\Users\79231\OneDrive\Рабочий стол\курсовая_3семестр\PacMan\Source.cpp(999,39): warning C4244: аргумент: преобразование "int" в "float", возможна потеря данных
C:\Users\79231\OneDrive\Рабочий стол\курсовая_3семестр\PacMan\Source.cpp(1014,76): warning C4244: аргумент: преобразование "int" в "float", возможна потеря данных
C:\Users\79231\OneDrive\Рабочий стол\курсовая_3семестр\PacMan\Source.cpp(1014,47): warning C4244: аргумент: преобразование "int" в "float", возможна потеря данных
  PacMan.vcxproj -> C:\Users\79231\OneDrive\Рабочий стол\курсовая_3семестр\x64\Debug\PacMan.exe
